2025-01-30 10:47:18,828 - root - WARNING - Interrupção manual recebida. Encerrando serviço...
2025-01-30 10:47:18,829 - root - DEBUG - Encerrando o serviço...
2025-01-30 10:47:18,830 - root - DEBUG - Aguardando o término da thread do servidor...
2025-01-30 10:47:23,838 - root - ERROR - A thread do servidor não foi encerrada. Forçando o término do programa.
2025-01-30 10:47:29,812 - root - DEBUG - Executando como serviço via NSSM.
2025-01-30 10:47:29,813 - root - DEBUG - Serviço sendo inicializado
2025-01-30 10:47:29,814 - root - DEBUG - Iniciando a criação do app
2025-01-30 10:47:29,814 - root - DEBUG - Servidor iniciado em uma thread separada.
2025-01-30 10:47:29,814 - root - DEBUG - Iniciando a instância do SQLAlchemy (Database)...
2025-01-30 10:47:29,815 - root - DEBUG - Iniciando importação de TensorFlow e spaCy...
2025-01-30 10:47:29,815 - root - DEBUG - Aguardando carregamento de recursos...
2025-01-30 10:47:29,815 - root - DEBUG - Iniciando o banco de dados com a aplicação
2025-01-30 10:47:29,886 - root - DEBUG - Verificando a conexão com o banco de dados...
2025-01-30 10:47:30,353 - root - DEBUG - Conexão com o banco de dados verificada com sucesso: (1,)
2025-01-30 10:47:30,356 - waitress - INFO - Serving on http://127.0.0.1:2710
2025-01-30 10:47:31,466 - tensorflow - DEBUG - Falling back to TensorFlow client; we recommended you install the Cloud TPU client directly with pip install cloud-tpu-client.
2025-01-30 10:47:33,359 - root - DEBUG - TensorFlow importado com sucesso.
2025-01-30 10:47:34,399 - root - DEBUG - spaCy importado com sucesso.
2025-01-30 10:47:34,400 - root - DEBUG - Todos os recursos pesados foram carregados.
2025-01-30 10:47:39,106 - root - DEBUG - Inicio do processamento da equisição da mensagem
2025-01-30 10:47:39,107 - root - DEBUG - Identifica a entidade principal da pergunta
2025-01-30 10:47:39,107 - root - ERROR - Erro ao processar a requisição: 'NoneType' object is not callable
2025-01-30 10:48:12,659 - root - WARNING - Interrupção manual recebida. Encerrando serviço...
2025-01-30 10:48:12,659 - root - DEBUG - Encerrando o serviço...
2025-01-30 10:48:12,660 - root - DEBUG - Aguardando o término da thread do servidor...
2025-01-30 10:48:17,663 - root - DEBUG - Encerrando o serviço...
2025-01-30 10:48:17,664 - root - INFO - Serviço encerrado com sucesso.
2025-01-30 10:48:37,243 - root - DEBUG - Executando como serviço via NSSM.
2025-01-30 10:48:37,244 - root - DEBUG - Serviço sendo inicializado
2025-01-30 10:48:37,247 - root - DEBUG - Iniciando a criação do app
2025-01-30 10:48:37,247 - root - DEBUG - Servidor iniciado em uma thread separada.
2025-01-30 10:48:37,247 - root - DEBUG - Iniciando a instância do SQLAlchemy (Database)...
2025-01-30 10:48:37,248 - root - DEBUG - Iniciando o banco de dados com a aplicação
2025-01-30 10:48:37,248 - root - DEBUG - Iniciando importação de TensorFlow e spaCy...
2025-01-30 10:48:37,248 - root - DEBUG - Aguardando carregamento de recursos...
2025-01-30 10:48:37,462 - root - DEBUG - Verificando a conexão com o banco de dados...
2025-01-30 10:48:37,912 - root - DEBUG - Conexão com o banco de dados verificada com sucesso: (1,)
2025-01-30 10:48:37,922 - waitress - INFO - Serving on http://127.0.0.1:2710
2025-01-30 10:48:39,785 - tensorflow - DEBUG - Falling back to TensorFlow client; we recommended you install the Cloud TPU client directly with pip install cloud-tpu-client.
2025-01-30 10:48:42,348 - root - DEBUG - Aguardando carregamento de recursos...
2025-01-30 10:48:42,660 - root - DEBUG - TensorFlow importado com sucesso.
2025-01-30 10:48:45,952 - root - DEBUG - spaCy importado com sucesso.
2025-01-30 10:48:45,953 - root - DEBUG - Todos os recursos pesados foram carregados.
2025-01-30 10:48:51,418 - root - DEBUG - Inicio do processamento da equisição da mensagem
2025-01-30 10:48:51,419 - root - DEBUG - Identifica a entidade principal da pergunta
2025-01-30 10:48:57,385 - root - ERROR - Erro ao processar a requisição: 'NoneType' object is not callable
2025-01-30 10:51:29,450 - root - WARNING - Interrupção manual recebida. Encerrando serviço...
2025-01-30 10:51:29,451 - root - DEBUG - Encerrando o serviço...
2025-01-30 10:51:29,452 - root - DEBUG - Aguardando o término da thread do servidor...
2025-01-30 10:51:34,458 - root - ERROR - A thread do servidor não foi encerrada. Forçando o término do programa.
2025-01-30 10:53:19,381 - root - DEBUG - Executando como serviço via NSSM.
2025-01-30 10:53:19,382 - root - DEBUG - Serviço sendo inicializado
2025-01-30 10:53:19,385 - root - DEBUG - Iniciando a criação do app
2025-01-30 10:53:19,385 - root - DEBUG - Servidor iniciado em uma thread separada.
2025-01-30 10:53:19,386 - root - DEBUG - Iniciando a instância do SQLAlchemy (Database)...
2025-01-30 10:53:19,386 - root - DEBUG - Iniciando o banco de dados com a aplicação
2025-01-30 10:53:29,790 - root - DEBUG - Aguardando carregamento de recursos...
2025-01-30 10:53:29,985 - root - DEBUG - Iniciando importação de TensorFlow e spaCy...
2025-01-30 10:53:36,506 - root - DEBUG - Aguardando carregamento de recursos...
2025-01-30 10:53:37,941 - root - ERROR - Erro ao carregar recursos pesados: The field annotations for DynamicRaggedShape are invalid. Field __pydevd_ret_val_dict is missing a type annotation.
2025-01-30 10:53:39,810 - root - DEBUG - Verificando a conexão com o banco de dados...
2025-01-30 10:53:41,703 - root - DEBUG - Aguardando carregamento de recursos...
2025-01-30 10:53:42,236 - root - DEBUG - Conexão com o banco de dados verificada com sucesso: (1,)
2025-01-30 10:53:46,931 - root - DEBUG - Aguardando carregamento de recursos...
2025-01-30 10:53:48,693 - waitress - INFO - Serving on http://127.0.0.1:2710
2025-01-30 10:53:51,933 - root - DEBUG - Aguardando carregamento de recursos...
2025-01-30 10:53:56,934 - root - DEBUG - Aguardando carregamento de recursos...
2025-01-30 10:54:01,936 - root - DEBUG - Aguardando carregamento de recursos...
2025-01-30 10:54:06,938 - root - DEBUG - Aguardando carregamento de recursos...
2025-01-30 10:54:11,941 - root - DEBUG - Aguardando carregamento de recursos...
2025-01-30 10:54:16,942 - root - DEBUG - Aguardando carregamento de recursos...
2025-01-30 10:54:21,944 - root - DEBUG - Aguardando carregamento de recursos...
2025-01-30 10:54:26,946 - root - DEBUG - Aguardando carregamento de recursos...
2025-01-30 11:02:20,411 - root - DEBUG - Executando como serviço via NSSM.
2025-01-30 11:02:20,412 - root - DEBUG - Serviço sendo inicializado
2025-01-30 11:02:20,412 - root - DEBUG - Iniciando a criação do app
2025-01-30 11:02:20,412 - root - DEBUG - Servidor iniciado em uma thread separada.
2025-01-30 11:02:20,413 - root - DEBUG - Iniciando a instância do SQLAlchemy (Database)...
2025-01-30 11:02:20,413 - root - DEBUG - Iniciando o banco de dados com a aplicação
2025-01-30 11:02:20,428 - root - DEBUG - Verificando a conexão com o banco de dados...
2025-01-30 11:02:20,821 - root - DEBUG - Conexão com o banco de dados verificada com sucesso: (1,)
2025-01-30 11:02:20,829 - waitress - INFO - Serving on http://127.0.0.1:2710
2025-01-30 11:02:32,874 - root - DEBUG - Inicio do processamento da equisição da mensagem
2025-01-30 11:02:32,875 - root - DEBUG - Identifica a entidade principal da pergunta
2025-01-30 11:02:32,876 - root - ERROR - Erro ao processar a requisição: 'NoneType' object is not callable
2025-01-30 11:03:16,558 - root - WARNING - Interrupção manual recebida. Encerrando serviço...
2025-01-30 11:03:16,559 - root - DEBUG - Encerrando o serviço...
2025-01-30 11:03:16,559 - root - DEBUG - Aguardando o término da thread do servidor...
2025-01-30 11:03:21,568 - root - DEBUG - Encerrando o serviço...
2025-01-30 11:03:21,569 - root - INFO - Serviço encerrado com sucesso.
